disk.h(13): Warning! W138: No newline at end of file
memdefs.h(7): Warning! W138: No newline at end of file
fat.c(89): Warning! W131: No prototype found for function 'readFat'
fat.c(115): Warning! W107: Missing return value for function 'fat_Initialize'
fat.c(151): Error! E1062: Inconsistent return type for function 'fat_Open'
fat.c(151): Note! I2003: source conversion type is 'fat_File *'
fat.c(151): Note! I2004: target conversion type is 'fat_File __far *'
fat.c(151): Note! I2002: 'fat_Open' defined in: fat.h(45)
fat.c(158): Error! E1010: Type mismatch
fat.c(158): Note! I2003: source conversion type is 'fat_FileData'
fat.c(158): Note! I2004: target conversion type is 'fat_File __far *'
fat.c(158): Error! E1090: Invalid conversion
fat.c(158): Note! I2003: source conversion type is 'struct {...}'
fat.c(158): Note! I2004: target conversion type is 'unsigned long'
fat.c(158): Error! E1009: Expecting ';' but found '}'
fat.c(157): Warning! W202: Symbol 'current' has been defined, but not referenced
fat.c(151): Warning! W303: Parameter 'disk' has been defined, but not referenced
fat.c(152): Warning! W202: Symbol 'buffer' has been defined, but not referenced
fat.c(158): Warning! W107: Missing return value for function 'fat_Open'
fat.c(160): Error! E1022: Missing or misspelled data type near 'DirectoryEntry'
fat.c(160): Warning! W304: Return type 'int' assumed for function 'findFile'
fat.c(161): Error! E1011: Symbol 'g_BootSector' has not been declared
fat.c(161): Error! E1032: Expression for '.' must be a 'structure' or 'union'
fat.c(162): Warning! W131: No prototype found for function 'memcmp'
fat.c(162): Error! E1011: Symbol 'g_rootDirectory' has not been declared
fat.c(162): Error! E1045: Subscript on non-array
fat.c(163): Error! E1045: Subscript on non-array
fat.c(170): Error! E1009: Expecting ',' but found '*'
fat.c(173): Error! E1011: Symbol 'fileEntry' has not been declared
fat.c(173): Error! E1033: Expression for '->' must be 'pointer to struct or union'
fat.c(175): Error! E1011: Symbol 'g_rootDirectoryEnd' has not been declared
fat.c(175): Error! E1011: Symbol 'g_BootSector' has not been declared
fat.c(175): Error! E1032: Expression for '.' must be a 'structure' or 'union'
fat.c(176): Warning! W131: No prototype found for function 'readSectors'
fat.c(176): Error! E1011: Symbol 'disk' has not been declared
fat.c(176): Error! E1032: Expression for '.' must be a 'structure' or 'union'
fat.c(176): Error! E1011: Symbol 'outputBuffer' has not been declared
fat.c(177): Error! E1032: Expression for '.' must be a 'structure' or 'union'
fat.c(177): Error! E1147: Too many errors: compilation aborted
